This file contains any messages produced by compilers while
running configure, to aid debugging if configure makes a mistake.

It was created by configure, which was
generated by GNU Autoconf 2.69.  Invocation command line was

  $ ./configure 

## --------- ##
## Platform. ##
## --------- ##

hostname = LAPTOP-IVSPBGCA
uname -m = x86_64
uname -r = 4.4.0-17134-Microsoft
uname -s = Linux
uname -v = #345-Microsoft Wed Sep 19 17:47:00 PST 2018

/usr/bin/uname -p = unknown
/bin/uname -X     = unknown

/bin/arch              = unknown
/usr/bin/arch -k       = unknown
/usr/convex/getsysinfo = unknown
/usr/bin/hostinfo      = unknown
/bin/machine           = unknown
/usr/bin/oslevel       = unknown
/bin/universe          = unknown

PATH: /usr/local/sbin
PATH: /usr/local/bin
PATH: /usr/sbin
PATH: /usr/bin
PATH: /sbin
PATH: /bin
PATH: /usr/games
PATH: /usr/local/games
PATH: /mnt/c/Program Files (x86)/Common Files/Oracle/Java/javapath_target_179093
PATH: /mnt/c/Rtools/bin
PATH: /mnt/c/Program Files (x86)/Intel/Intel(R) Management Engine Components/iCLS
PATH: /mnt/c/Program Files/Intel/Intel(R) Management Engine Components/iCLS
PATH: /mnt/c/Windows/System32
PATH: /mnt/c/Windows
PATH: /mnt/c/Windows/System32/wbem
PATH: /mnt/c/Windows/System32/WindowsPowerShell/v1.0
PATH: /mnt/c/Windows/System32/OpenSSH
PATH: /mnt/c/Program Files (x86)/Intel/Intel(R) Management Engine Components/DAL
PATH: /mnt/c/Program Files/Intel/Intel(R) Management Engine Components/DAL
PATH: /mnt/c/Program Files (x86)/Intel/Intel(R) Management Engine Components/IPT
PATH: /mnt/c/Program Files/Intel/Intel(R) Management Engine Components/IPT
PATH: /mnt/c/Program Files/Git/cmd
PATH: /mnt/c/Program Files/TortoiseSVN/bin
PATH: /mnt/c/soft/R/R-3.5.1/bin
PATH: /mnt/c/Python27/ArcGIS10.6
PATH: /mnt/c/Python27/ArcGIS10.6/Scripts
PATH: /mnt/c/Program Files (x86)/Pandoc
PATH: /mnt/c/Program Files/MiKTeX 2.9/miktex/bin/x64
PATH: /mnt/c/Users/rhijm/AppData/Roaming/Python/Scripts
PATH: /mnt/c/Rtools/mingw_64/bin
PATH: /mnt/c/Program Files/Intel/WiFi/bin
PATH: /mnt/c/Program Files/Common Files/Intel/WirelessCommon
PATH: /mnt/c/Users/rhijm/AppData/Local/Microsoft/WindowsApps
PATH: /snap/bin


## ----------- ##
## Core tests. ##
## ----------- ##

configure:2086: CC: gcc -std=gnu99
configure:2088: CXX: g++ -std=gnu++11
configure:2115: checking for gdal-config
configure:2133: found /usr/bin/gdal-config
configure:2146: result: /usr/bin/gdal-config
configure:2183: checking gdal-config usability
configure:2192: result: yes
configure:2211: GDAL: 2.2.3
configure:2213: checking GDAL version >= 2.0.0
configure:2222: result: yes
configure:2290: checking for gcc
configure:2317: result: gcc -std=gnu99
configure:2546: checking for C compiler version
configure:2555: gcc -std=gnu99 --version >&5
gcc (Ubuntu 7.3.0-27ubuntu1~18.04) 7.3.0
Copyright (C) 2017 Free Software Foundation, Inc.
This is free software; see the source for copying conditions.  There is NO
warranty; not even for MERCHANTABILITY or FITNESS FOR A PARTICULAR PURPOSE.

configure:2566: $? = 0
configure:2555: gcc -std=gnu99 -v >&5
Using built-in specs.
COLLECT_GCC=gcc
COLLECT_LTO_WRAPPER=/usr/lib/gcc/x86_64-linux-gnu/7/lto-wrapper
OFFLOAD_TARGET_NAMES=nvptx-none
OFFLOAD_TARGET_DEFAULT=1
Target: x86_64-linux-gnu
Configured with: ../src/configure -v --with-pkgversion='Ubuntu 7.3.0-27ubuntu1~18.04' --with-bugurl=file:///usr/share/doc/gcc-7/README.Bugs --enable-languages=c,ada,c++,go,brig,d,fortran,objc,obj-c++ --prefix=/usr --with-gcc-major-version-only --program-suffix=-7 --program-prefix=x86_64-linux-gnu- --enable-shared --enable-linker-build-id --libexecdir=/usr/lib --without-included-gettext --enable-threads=posix --libdir=/usr/lib --enable-nls --with-sysroot=/ --enable-clocale=gnu --enable-libstdcxx-debug --enable-libstdcxx-time=yes --with-default-libstdcxx-abi=new --enable-gnu-unique-object --disable-vtable-verify --enable-libmpx --enable-plugin --enable-default-pie --with-system-zlib --with-target-system-zlib --enable-objc-gc=auto --enable-multiarch --disable-werror --with-arch-32=i686 --with-abi=m64 --with-multilib-list=m32,m64,mx32 --enable-multilib --with-tune=generic --enable-offload-targets=nvptx-none --without-cuda-driver --enable-checking=release --build=x86_64-linux-gnu --host=x86_64-linux-gnu --target=x86_64-linux-gnu
Thread model: posix
gcc version 7.3.0 (Ubuntu 7.3.0-27ubuntu1~18.04) 
configure:2566: $? = 0
configure:2555: gcc -std=gnu99 -V >&5
gcc: error: unrecognized command line option '-V'
gcc: fatal error: no input files
compilation terminated.
configure:2566: $? = 1
configure:2555: gcc -std=gnu99 -qversion >&5
gcc: error: unrecognized command line option '-qversion'; did you mean '--version'?
gcc: fatal error: no input files
compilation terminated.
configure:2566: $? = 1
configure:2586: checking whether the C compiler works
configure:2608: gcc -std=gnu99 -g -O2 -fdebug-prefix-map=/build/r-base-AitvI6/r-base-3.4.4=. -fstack-protector-strong -Wformat -Werror=format-security -Wdate-time -D_FORTIFY_SOURCE=2 -g   -I/usr/include/gdal -Wl,-Bsymbolic-functions -Wl,-z,relro conftest.c  >&5
configure:2612: $? = 0
configure:2660: result: yes
configure:2663: checking for C compiler default output file name
configure:2665: result: a.out
configure:2671: checking for suffix of executables
configure:2678: gcc -std=gnu99 -o conftest -g -O2 -fdebug-prefix-map=/build/r-base-AitvI6/r-base-3.4.4=. -fstack-protector-strong -Wformat -Werror=format-security -Wdate-time -D_FORTIFY_SOURCE=2 -g   -I/usr/include/gdal -Wl,-Bsymbolic-functions -Wl,-z,relro conftest.c  >&5
configure:2682: $? = 0
configure:2704: result: 
configure:2726: checking whether we are cross compiling
configure:2734: gcc -std=gnu99 -o conftest -g -O2 -fdebug-prefix-map=/build/r-base-AitvI6/r-base-3.4.4=. -fstack-protector-strong -Wformat -Werror=format-security -Wdate-time -D_FORTIFY_SOURCE=2 -g   -I/usr/include/gdal -Wl,-Bsymbolic-functions -Wl,-z,relro conftest.c  >&5
configure:2738: $? = 0
configure:2745: ./conftest
configure:2749: $? = 0
configure:2764: result: no
configure:2769: checking for suffix of object files
configure:2791: gcc -std=gnu99 -c -g -O2 -fdebug-prefix-map=/build/r-base-AitvI6/r-base-3.4.4=. -fstack-protector-strong -Wformat -Werror=format-security -Wdate-time -D_FORTIFY_SOURCE=2 -g   -I/usr/include/gdal conftest.c >&5
configure:2795: $? = 0
configure:2816: result: o
configure:2820: checking whether we are using the GNU C compiler
configure:2839: gcc -std=gnu99 -c -g -O2 -fdebug-prefix-map=/build/r-base-AitvI6/r-base-3.4.4=. -fstack-protector-strong -Wformat -Werror=format-security -Wdate-time -D_FORTIFY_SOURCE=2 -g   -I/usr/include/gdal conftest.c >&5
configure:2839: $? = 0
configure:2848: result: yes
configure:2857: checking whether gcc -std=gnu99 accepts -g
configure:2877: gcc -std=gnu99 -c -g   -I/usr/include/gdal conftest.c >&5
configure:2877: $? = 0
configure:2918: result: yes
configure:2935: checking for gcc -std=gnu99 option to accept ISO C89
configure:2998: gcc -std=gnu99  -c -g -O2 -fdebug-prefix-map=/build/r-base-AitvI6/r-base-3.4.4=. -fstack-protector-strong -Wformat -Werror=format-security -Wdate-time -D_FORTIFY_SOURCE=2 -g   -I/usr/include/gdal conftest.c >&5
configure:2998: $? = 0
configure:3011: result: none needed
configure:3037: checking how to run the C preprocessor
configure:3107: result: gcc -std=gnu99 -E
configure:3127: gcc -std=gnu99 -E   -I/usr/include/gdal conftest.c
configure:3127: $? = 0
configure:3141: gcc -std=gnu99 -E   -I/usr/include/gdal conftest.c
conftest.c:9:10: fatal error: ac_nonexistent.h: No such file or directory
 #include <ac_nonexistent.h>
          ^~~~~~~~~~~~~~~~~~
compilation terminated.
configure:3141: $? = 1
configure: failed program was:
| /* confdefs.h */
| #define PACKAGE_NAME ""
| #define PACKAGE_TARNAME ""
| #define PACKAGE_VERSION ""
| #define PACKAGE_STRING ""
| #define PACKAGE_BUGREPORT ""
| #define PACKAGE_URL ""
| /* end confdefs.h.  */
| #include <ac_nonexistent.h>
configure:3170: checking for grep that handles long lines and -e
configure:3228: result: /bin/grep
configure:3233: checking for egrep
configure:3295: result: /bin/grep -E
configure:3300: checking for ANSI C header files
configure:3320: gcc -std=gnu99 -c -g -O2 -fdebug-prefix-map=/build/r-base-AitvI6/r-base-3.4.4=. -fstack-protector-strong -Wformat -Werror=format-security -Wdate-time -D_FORTIFY_SOURCE=2 -g   -I/usr/include/gdal conftest.c >&5
configure:3320: $? = 0
configure:3393: gcc -std=gnu99 -o conftest -g -O2 -fdebug-prefix-map=/build/r-base-AitvI6/r-base-3.4.4=. -fstack-protector-strong -Wformat -Werror=format-security -Wdate-time -D_FORTIFY_SOURCE=2 -g   -I/usr/include/gdal -Wl,-Bsymbolic-functions -Wl,-z,relro conftest.c  >&5
configure:3393: $? = 0
configure:3393: ./conftest
configure:3393: $? = 0
configure:3404: result: yes
configure:3417: checking for sys/types.h
configure:3417: gcc -std=gnu99 -c -g -O2 -fdebug-prefix-map=/build/r-base-AitvI6/r-base-3.4.4=. -fstack-protector-strong -Wformat -Werror=format-security -Wdate-time -D_FORTIFY_SOURCE=2 -g   -I/usr/include/gdal conftest.c >&5
configure:3417: $? = 0
configure:3417: result: yes
configure:3417: checking for sys/stat.h
configure:3417: gcc -std=gnu99 -c -g -O2 -fdebug-prefix-map=/build/r-base-AitvI6/r-base-3.4.4=. -fstack-protector-strong -Wformat -Werror=format-security -Wdate-time -D_FORTIFY_SOURCE=2 -g   -I/usr/include/gdal conftest.c >&5
configure:3417: $? = 0
configure:3417: result: yes
configure:3417: checking for stdlib.h
configure:3417: gcc -std=gnu99 -c -g -O2 -fdebug-prefix-map=/build/r-base-AitvI6/r-base-3.4.4=. -fstack-protector-strong -Wformat -Werror=format-security -Wdate-time -D_FORTIFY_SOURCE=2 -g   -I/usr/include/gdal conftest.c >&5
configure:3417: $? = 0
configure:3417: result: yes
configure:3417: checking for string.h
configure:3417: gcc -std=gnu99 -c -g -O2 -fdebug-prefix-map=/build/r-base-AitvI6/r-base-3.4.4=. -fstack-protector-strong -Wformat -Werror=format-security -Wdate-time -D_FORTIFY_SOURCE=2 -g   -I/usr/include/gdal conftest.c >&5
configure:3417: $? = 0
configure:3417: result: yes
configure:3417: checking for memory.h
configure:3417: gcc -std=gnu99 -c -g -O2 -fdebug-prefix-map=/build/r-base-AitvI6/r-base-3.4.4=. -fstack-protector-strong -Wformat -Werror=format-security -Wdate-time -D_FORTIFY_SOURCE=2 -g   -I/usr/include/gdal conftest.c >&5
configure:3417: $? = 0
configure:3417: result: yes
configure:3417: checking for strings.h
configure:3417: gcc -std=gnu99 -c -g -O2 -fdebug-prefix-map=/build/r-base-AitvI6/r-base-3.4.4=. -fstack-protector-strong -Wformat -Werror=format-security -Wdate-time -D_FORTIFY_SOURCE=2 -g   -I/usr/include/gdal conftest.c >&5
configure:3417: $? = 0
configure:3417: result: yes
configure:3417: checking for inttypes.h
configure:3417: gcc -std=gnu99 -c -g -O2 -fdebug-prefix-map=/build/r-base-AitvI6/r-base-3.4.4=. -fstack-protector-strong -Wformat -Werror=format-security -Wdate-time -D_FORTIFY_SOURCE=2 -g   -I/usr/include/gdal conftest.c >&5
configure:3417: $? = 0
configure:3417: result: yes
configure:3417: checking for stdint.h
configure:3417: gcc -std=gnu99 -c -g -O2 -fdebug-prefix-map=/build/r-base-AitvI6/r-base-3.4.4=. -fstack-protector-strong -Wformat -Werror=format-security -Wdate-time -D_FORTIFY_SOURCE=2 -g   -I/usr/include/gdal conftest.c >&5
configure:3417: $? = 0
configure:3417: result: yes
configure:3417: checking for unistd.h
configure:3417: gcc -std=gnu99 -c -g -O2 -fdebug-prefix-map=/build/r-base-AitvI6/r-base-3.4.4=. -fstack-protector-strong -Wformat -Werror=format-security -Wdate-time -D_FORTIFY_SOURCE=2 -g   -I/usr/include/gdal conftest.c >&5
configure:3417: $? = 0
configure:3417: result: yes
configure:3431: checking gdal.h usability
configure:3431: gcc -std=gnu99 -c -g -O2 -fdebug-prefix-map=/build/r-base-AitvI6/r-base-3.4.4=. -fstack-protector-strong -Wformat -Werror=format-security -Wdate-time -D_FORTIFY_SOURCE=2 -g   -I/usr/include/gdal conftest.c >&5
configure:3431: $? = 0
configure:3431: result: yes
configure:3431: checking gdal.h presence
configure:3431: gcc -std=gnu99 -E   -I/usr/include/gdal conftest.c
configure:3431: $? = 0
configure:3431: result: yes
configure:3431: checking for gdal.h
configure:3431: result: yes
configure:3462: checking GDAL: linking with --libs only
configure:3470: result: yes
configure:3504: checking GDAL: /usr/share/gdal/2.2/pcs.csv readable
configure:3507: result: yes
configure:3579: checking GDAL: checking whether PROJ is available for linking:
configure:3588: result: yes
configure:3599: checking GDAL: checking whether PROJ is available fur running:
configure:3608: result: yes
configure:3624: pkg-config proj exists, will use it
configure:3656: checking proj_api.h usability
configure:3656: gcc -std=gnu99 -c -g -O2 -fdebug-prefix-map=/build/r-base-AitvI6/r-base-3.4.4=. -fstack-protector-strong -Wformat -Werror=format-security -Wdate-time -D_FORTIFY_SOURCE=2 -g   -I/usr/include/gdal  conftest.c >&5
configure:3656: $? = 0
configure:3656: result: yes
configure:3656: checking proj_api.h presence
configure:3656: gcc -std=gnu99 -E   -I/usr/include/gdal  conftest.c
configure:3656: $? = 0
configure:3656: result: yes
configure:3656: checking for proj_api.h
configure:3656: result: yes
configure:3688: PROJ: 4.9.3
configure:3698: checking for pj_init_plus in -lproj
configure:3723: gcc -std=gnu99 -o conftest -g -O2 -fdebug-prefix-map=/build/r-base-AitvI6/r-base-3.4.4=. -fstack-protector-strong -Wformat -Werror=format-security -Wdate-time -D_FORTIFY_SOURCE=2 -g   -I/usr/include/gdal  -Wl,-Bsymbolic-functions -Wl,-z,relro conftest.c -lproj  -lproj    -L/usr/lib -lgdal >&5
configure:3723: $? = 0
configure:3732: result: yes
configure:3812: checking PROJ: epsg found and readable
configure:3819: result: yes
configure:3871: checking PROJ: conus found and readable
configure:3878: result: yes
configure:3915: checking for geos-config
configure:3933: found /usr/bin/geos-config
configure:3946: result: /usr/bin/geos-config
configure:3982: checking geos-config usability
configure:3991: result: yes
configure:4000: GEOS: 3.6.2
configure:4002: checking GEOS version >= 3.4.0
configure:4010: result: yes
configure:4032: checking geos_c.h usability
configure:4032: gcc -std=gnu99 -c -g -O2 -fdebug-prefix-map=/build/r-base-AitvI6/r-base-3.4.4=. -fstack-protector-strong -Wformat -Werror=format-security -Wdate-time -D_FORTIFY_SOURCE=2 -g   -I/usr/include/gdal    -I/usr/include/gdal -I/usr/include conftest.c >&5
configure:4032: $? = 0
configure:4032: result: yes
configure:4032: checking geos_c.h presence
configure:4032: gcc -std=gnu99 -E   -I/usr/include/gdal    -I/usr/include/gdal -I/usr/include conftest.c
configure:4032: $? = 0
configure:4032: result: yes
configure:4032: checking for geos_c.h
configure:4032: result: yes
configure:4069: checking geos: linking with -L/usr/lib/x86_64-linux-gnu -lgeos_c -L/usr/lib/x86_64-linux-gnu -lgeos-3.6.2
configure:4079: result: yes
configure:4114: Package CPP flags:   -I/usr/include/gdal -I/usr/include
configure:4116: Package LIBS: -lproj   -L/usr/lib -lgdal -L/usr/lib/x86_64-linux-gnu -lgeos_c -L/usr/lib/x86_64-linux-gnu -lgeos-3.6.2
configure:4271: creating ./config.status

## ---------------------- ##
## Running config.status. ##
## ---------------------- ##

This file was extended by config.status, which was
generated by GNU Autoconf 2.69.  Invocation command line was

  CONFIG_FILES    = 
  CONFIG_HEADERS  = 
  CONFIG_LINKS    = 
  CONFIG_COMMANDS = 
  $ ./config.status 

on LAPTOP-IVSPBGCA

config.status:731: creating src/Makevars

## ---------------- ##
## Cache variables. ##
## ---------------- ##

ac_cv_c_compiler_gnu=yes
ac_cv_env_CC_set=
ac_cv_env_CC_value=
ac_cv_env_CFLAGS_set=
ac_cv_env_CFLAGS_value=
ac_cv_env_CPPFLAGS_set=
ac_cv_env_CPPFLAGS_value=
ac_cv_env_CPP_set=
ac_cv_env_CPP_value=
ac_cv_env_LDFLAGS_set=
ac_cv_env_LDFLAGS_value=
ac_cv_env_LIBS_set=
ac_cv_env_LIBS_value=
ac_cv_env_build_alias_set=
ac_cv_env_build_alias_value=
ac_cv_env_host_alias_set=
ac_cv_env_host_alias_value=
ac_cv_env_target_alias_set=
ac_cv_env_target_alias_value=
ac_cv_header_gdal_h=yes
ac_cv_header_geos_c_h=yes
ac_cv_header_inttypes_h=yes
ac_cv_header_memory_h=yes
ac_cv_header_proj_api_h=yes
ac_cv_header_stdc=yes
ac_cv_header_stdint_h=yes
ac_cv_header_stdlib_h=yes
ac_cv_header_string_h=yes
ac_cv_header_strings_h=yes
ac_cv_header_sys_stat_h=yes
ac_cv_header_sys_types_h=yes
ac_cv_header_unistd_h=yes
ac_cv_lib_proj_pj_init_plus=yes
ac_cv_objext=o
ac_cv_path_EGREP='/bin/grep -E'
ac_cv_path_GDAL_CONFIG=/usr/bin/gdal-config
ac_cv_path_GEOS_CONFIG=/usr/bin/geos-config
ac_cv_path_GREP=/bin/grep
ac_cv_prog_CPP='gcc -std=gnu99 -E'
ac_cv_prog_ac_ct_CC='gcc -std=gnu99'
ac_cv_prog_cc_c89=
ac_cv_prog_cc_g=yes

## ----------------- ##
## Output variables. ##
## ----------------- ##

CC='gcc -std=gnu99'
CFLAGS='-g -O2 -fdebug-prefix-map=/build/r-base-AitvI6/r-base-3.4.4=. -fstack-protector-strong -Wformat -Werror=format-security -Wdate-time -D_FORTIFY_SOURCE=2 -g'
CPP='gcc -std=gnu99 -E'
CPPFLAGS='  -I/usr/include/gdal    -I/usr/include/gdal -I/usr/include'
DEFS='-DPACKAGE_NAME=\"\" -DPACKAGE_TARNAME=\"\" -DPACKAGE_VERSION=\"\" -DPACKAGE_STRING=\"\" -DPACKAGE_BUGREPORT=\"\" -DPACKAGE_URL=\"\" -DSTDC_HEADERS=1 -DHAVE_SYS_TYPES_H=1 -DHAVE_SYS_STAT_H=1 -DHAVE_STDLIB_H=1 -DHAVE_STRING_H=1 -DHAVE_MEMORY_H=1 -DHAVE_STRINGS_H=1 -DHAVE_INTTYPES_H=1 -DHAVE_STDINT_H=1 -DHAVE_UNISTD_H=1 -DHAVE_GDAL_H=1 -DHAVE_PROJ_API_H=1 -DHAVE_LIBPROJ=1 -DHAVE_GEOS_C_H=1'
ECHO_C=''
ECHO_N='-n'
ECHO_T=''
EGREP='/bin/grep -E'
EXEEXT=''
GDAL_CONFIG='/usr/bin/gdal-config'
GEOS_CONFIG='/usr/bin/geos-config'
GREP='/bin/grep'
LDFLAGS='-Wl,-Bsymbolic-functions -Wl,-z,relro'
LIBOBJS=''
LIBS='-lproj -lproj    -L/usr/lib -lgdal  -L/usr/lib -lgdal'
LTLIBOBJS=''
OBJEXT='o'
PACKAGE_BUGREPORT=''
PACKAGE_NAME=''
PACKAGE_STRING=''
PACKAGE_TARNAME=''
PACKAGE_URL=''
PACKAGE_VERSION=''
PATH_SEPARATOR=':'
PKG_CPPFLAGS='  -I/usr/include/gdal -I/usr/include'
PKG_LIBS='-lproj   -L/usr/lib -lgdal -L/usr/lib/x86_64-linux-gnu -lgeos_c -L/usr/lib/x86_64-linux-gnu -lgeos-3.6.2'
PROJ_CPPFLAGS=''
PROJ_LIBS='-lproj '
SHELL='/bin/bash'
ac_ct_CC='gcc -std=gnu99'
bindir='${exec_prefix}/bin'
build_alias=''
datadir='${datarootdir}'
datarootdir='${prefix}/share'
docdir='${datarootdir}/doc/${PACKAGE}'
dvidir='${docdir}'
exec_prefix='${prefix}'
host_alias=''
htmldir='${docdir}'
includedir='${prefix}/include'
infodir='${datarootdir}/info'
libdir='${exec_prefix}/lib'
libexecdir='${exec_prefix}/libexec'
localedir='${datarootdir}/locale'
localstatedir='${prefix}/var'
mandir='${datarootdir}/man'
oldincludedir='/usr/include'
pdfdir='${docdir}'
prefix='/usr/local'
program_transform_name='s,x,x,'
psdir='${docdir}'
runstatedir='${localstatedir}/run'
sbindir='${exec_prefix}/sbin'
sharedstatedir='${prefix}/com'
sysconfdir='${prefix}/etc'
target_alias=''

## ----------- ##
## confdefs.h. ##
## ----------- ##

/* confdefs.h */
#define PACKAGE_NAME ""
#define PACKAGE_TARNAME ""
#define PACKAGE_VERSION ""
#define PACKAGE_STRING ""
#define PACKAGE_BUGREPORT ""
#define PACKAGE_URL ""
#define STDC_HEADERS 1
#define HAVE_SYS_TYPES_H 1
#define HAVE_SYS_STAT_H 1
#define HAVE_STDLIB_H 1
#define HAVE_STRING_H 1
#define HAVE_MEMORY_H 1
#define HAVE_STRINGS_H 1
#define HAVE_INTTYPES_H 1
#define HAVE_STDINT_H 1
#define HAVE_UNISTD_H 1
#define HAVE_GDAL_H 1
#define HAVE_PROJ_API_H 1
#define HAVE_LIBPROJ 1
#define HAVE_GEOS_C_H 1

configure: exit 0
